This file contains any messages produced by compilers while
running configure, to aid debugging if configure makes a mistake.

It was created by sumo configure 0.23.0, which was
generated by GNU Autoconf 2.69.  Invocation command line was

  $ ./configure 

## --------- ##
## Platform. ##
## --------- ##

hostname = IUTC031
uname -m = x86_64
uname -r = 3.16.0-4-amd64
uname -s = Linux
uname -v = #1 SMP Debian 3.16.7-ckt11-1+deb8u3 (2015-08-04)

/usr/bin/uname -p = unknown
/bin/uname -X     = unknown

/bin/arch              = unknown
/usr/bin/arch -k       = unknown
/usr/convex/getsysinfo = unknown
/usr/bin/hostinfo      = unknown
/bin/machine           = unknown
/usr/bin/oslevel       = unknown
/bin/universe          = unknown

PATH: /usr/local/bin
PATH: /usr/bin
PATH: /bin
PATH: /usr/local/games
PATH: /usr/games


## ----------- ##
## Core tests. ##
## ----------- ##

configure:2629: checking build system type
configure:2643: result: x86_64-unknown-linux-gnu
configure:2663: checking host system type
configure:2676: result: x86_64-unknown-linux-gnu
configure:2696: checking target system type
configure:2709: result: x86_64-unknown-linux-gnu
configure:2756: checking for a BSD-compatible install
configure:2824: result: /usr/bin/install -c
configure:2835: checking whether build environment is sane
configure:2890: result: yes
configure:2928: WARNING: 'missing' script is too old or missing
configure:3041: checking for a thread-safe mkdir -p
configure:3080: result: /bin/mkdir -p
configure:3087: checking for gawk
configure:3103: found /usr/bin/gawk
configure:3114: result: gawk
configure:3125: checking whether make sets $(MAKE)
configure:3147: result: yes
configure:3176: checking whether make supports nested variables
configure:3193: result: yes
configure:3282: checking whether UID '1000' is supported by ustar format
configure:3285: result: yes
configure:3292: checking whether GID '1000' is supported by ustar format
configure:3295: result: yes
configure:3303: checking how to create a ustar tar archive
configure:3314: tar --version
tar (GNU tar) 1.27.1
Copyright (C) 2013 Free Software Foundation, Inc.
License GPLv3+: GNU GPL version 3 or later <http://gnu.org/licenses/gpl.html>.
This is free software: you are free to change and redistribute it.
There is NO WARRANTY, to the extent permitted by law.

Written by John Gilmore and Jay Fenlason.
configure:3317: $? = 0
configure:3357: tardir=conftest.dir && eval tar --format=ustar -chf - "$tardir" >conftest.tar
configure:3360: $? = 0
configure:3364: tar -xf - <conftest.tar
configure:3367: $? = 0
configure:3369: cat conftest.dir/file
GrepMe
configure:3372: $? = 0
configure:3385: result: gnutar
configure:3484: checking for gcc
configure:3500: found /usr/bin/gcc
configure:3511: result: gcc
configure:3740: checking for C compiler version
configure:3749: gcc --version >&5
gcc (Debian 4.9.2-10) 4.9.2
Copyright (C) 2014 Free Software Foundation, Inc.
This is free software; see the source for copying conditions.  There is NO
warranty; not even for MERCHANTABILITY or FITNESS FOR A PARTICULAR PURPOSE.

configure:3760: $? = 0
configure:3749: gcc -v >&5
Using built-in specs.
COLLECT_GCC=gcc
COLLECT_LTO_WRAPPER=/usr/lib/gcc/x86_64-linux-gnu/4.9/lto-wrapper
Target: x86_64-linux-gnu
Configured with: ../src/configure -v --with-pkgversion='Debian 4.9.2-10' --with-bugurl=file:///usr/share/doc/gcc-4.9/README.Bugs --enable-languages=c,c++,java,go,d,fortran,objc,obj-c++ --prefix=/usr --program-suffix=-4.9 --enable-shared --enable-linker-build-id --libexecdir=/usr/lib --without-included-gettext --enable-threads=posix --with-gxx-include-dir=/usr/include/c++/4.9 --libdir=/usr/lib --enable-nls --with-sysroot=/ --enable-clocale=gnu --enable-libstdcxx-debug --enable-libstdcxx-time=yes --enable-gnu-unique-object --disable-vtable-verify --enable-plugin --with-system-zlib --disable-browser-plugin --enable-java-awt=gtk --enable-gtk-cairo --with-java-home=/usr/lib/jvm/java-1.5.0-gcj-4.9-amd64/jre --enable-java-home --with-jvm-root-dir=/usr/lib/jvm/java-1.5.0-gcj-4.9-amd64 --with-jvm-jar-dir=/usr/lib/jvm-exports/java-1.5.0-gcj-4.9-amd64 --with-arch-directory=amd64 --with-ecj-jar=/usr/share/java/eclipse-ecj.jar --enable-objc-gc --enable-multiarch --with-arch-32=i586 --with-abi=m64 --with-multilib-list=m32,m64,mx32 --enable-multilib --with-tune=generic --enable-checking=release --build=x86_64-linux-gnu --host=x86_64-linux-gnu --target=x86_64-linux-gnu
Thread model: posix
gcc version 4.9.2 (Debian 4.9.2-10) 
configure:3760: $? = 0
configure:3749: gcc -V >&5
gcc: error: unrecognized command line option '-V'
gcc: fatal error: no input files
compilation terminated.
configure:3760: $? = 4
configure:3749: gcc -qversion >&5
gcc: error: unrecognized command line option '-qversion'
gcc: fatal error: no input files
compilation terminated.
configure:3760: $? = 4
configure:3780: checking whether the C compiler works
configure:3802: gcc -Wall   conftest.c  >&5
configure:3806: $? = 0
configure:3854: result: yes
configure:3857: checking for C compiler default output file name
configure:3859: result: a.out
configure:3865: checking for suffix of executables
configure:3872: gcc -o conftest -Wall   conftest.c  >&5
configure:3876: $? = 0
configure:3898: result: 
configure:3920: checking whether we are cross compiling
configure:3928: gcc -o conftest -Wall   conftest.c  >&5
configure:3932: $? = 0
configure:3939: ./conftest
configure:3943: $? = 0
configure:3958: result: no
configure:3963: checking for suffix of object files
configure:3985: gcc -c -Wall  conftest.c >&5
configure:3989: $? = 0
configure:4010: result: o
configure:4014: checking whether we are using the GNU C compiler
configure:4033: gcc -c -Wall  conftest.c >&5
configure:4033: $? = 0
configure:4042: result: yes
configure:4051: checking whether gcc accepts -g
configure:4071: gcc -c -g  conftest.c >&5
configure:4071: $? = 0
configure:4112: result: yes
configure:4129: checking for gcc option to accept ISO C89
configure:4192: gcc  -c -Wall  conftest.c >&5
configure:4192: $? = 0
configure:4205: result: none needed
configure:4236: checking for style of include used by make
configure:4264: result: GNU
configure:4290: checking dependency style of gcc
configure:4401: result: gcc3
configure:4421: checking how to run the C preprocessor
configure:4452: gcc -E  conftest.c
configure:4452: $? = 0
configure:4466: gcc -E  conftest.c
conftest.c:11:28: fatal error: ac_nonexistent.h: No such file or directory
 #include <ac_nonexistent.h>
                            ^
compilation terminated.
configure:4466: $? = 1
configure: failed program was:
| /* confdefs.h */
| #define PACKAGE_NAME "sumo"
| #define PACKAGE_TARNAME "sumo"
| #define PACKAGE_VERSION "0.23.0"
| #define PACKAGE_STRING "sumo 0.23.0"
| #define PACKAGE_BUGREPORT ""
| #define PACKAGE_URL ""
| #define PACKAGE "sumo"
| #define VERSION "0.23.0"
| /* end confdefs.h.  */
| #include <ac_nonexistent.h>
configure:4491: result: gcc -E
configure:4511: gcc -E  conftest.c
configure:4511: $? = 0
configure:4525: gcc -E  conftest.c
conftest.c:11:28: fatal error: ac_nonexistent.h: No such file or directory
 #include <ac_nonexistent.h>
                            ^
compilation terminated.
configure:4525: $? = 1
configure: failed program was:
| /* confdefs.h */
| #define PACKAGE_NAME "sumo"
| #define PACKAGE_TARNAME "sumo"
| #define PACKAGE_VERSION "0.23.0"
| #define PACKAGE_STRING "sumo 0.23.0"
| #define PACKAGE_BUGREPORT ""
| #define PACKAGE_URL ""
| #define PACKAGE "sumo"
| #define VERSION "0.23.0"
| /* end confdefs.h.  */
| #include <ac_nonexistent.h>
configure:4611: checking for g++
configure:4627: found /usr/bin/g++
configure:4638: result: g++
configure:4665: checking for C++ compiler version
configure:4674: g++ --version >&5
g++ (Debian 4.9.2-10) 4.9.2
Copyright (C) 2014 Free Software Foundation, Inc.
This is free software; see the source for copying conditions.  There is NO
warranty; not even for MERCHANTABILITY or FITNESS FOR A PARTICULAR PURPOSE.

configure:4685: $? = 0
configure:4674: g++ -v >&5
Using built-in specs.
COLLECT_GCC=g++
COLLECT_LTO_WRAPPER=/usr/lib/gcc/x86_64-linux-gnu/4.9/lto-wrapper
Target: x86_64-linux-gnu
Configured with: ../src/configure -v --with-pkgversion='Debian 4.9.2-10' --with-bugurl=file:///usr/share/doc/gcc-4.9/README.Bugs --enable-languages=c,c++,java,go,d,fortran,objc,obj-c++ --prefix=/usr --program-suffix=-4.9 --enable-shared --enable-linker-build-id --libexecdir=/usr/lib --without-included-gettext --enable-threads=posix --with-gxx-include-dir=/usr/include/c++/4.9 --libdir=/usr/lib --enable-nls --with-sysroot=/ --enable-clocale=gnu --enable-libstdcxx-debug --enable-libstdcxx-time=yes --enable-gnu-unique-object --disable-vtable-verify --enable-plugin --with-system-zlib --disable-browser-plugin --enable-java-awt=gtk --enable-gtk-cairo --with-java-home=/usr/lib/jvm/java-1.5.0-gcj-4.9-amd64/jre --enable-java-home --with-jvm-root-dir=/usr/lib/jvm/java-1.5.0-gcj-4.9-amd64 --with-jvm-jar-dir=/usr/lib/jvm-exports/java-1.5.0-gcj-4.9-amd64 --with-arch-directory=amd64 --with-ecj-jar=/usr/share/java/eclipse-ecj.jar --enable-objc-gc --enable-multiarch --with-arch-32=i586 --with-abi=m64 --with-multilib-list=m32,m64,mx32 --enable-multilib --with-tune=generic --enable-checking=release --build=x86_64-linux-gnu --host=x86_64-linux-gnu --target=x86_64-linux-gnu
Thread model: posix
gcc version 4.9.2 (Debian 4.9.2-10) 
configure:4685: $? = 0
configure:4674: g++ -V >&5
g++: error: unrecognized command line option '-V'
g++: fatal error: no input files
compilation terminated.
configure:4685: $? = 4
configure:4674: g++ -qversion >&5
g++: error: unrecognized command line option '-qversion'
g++: fatal error: no input files
compilation terminated.
configure:4685: $? = 4
configure:4689: checking whether we are using the GNU C++ compiler
configure:4708: g++ -c -O2 -DNDEBUG -msse2 -mfpmath=sse -Wall  conftest.cpp >&5
configure:4708: $? = 0
configure:4717: result: yes
configure:4726: checking whether g++ accepts -g
configure:4746: g++ -c -g  conftest.cpp >&5
configure:4746: $? = 0
configure:4787: result: yes
configure:4812: checking dependency style of g++
configure:4923: result: gcc3
configure:4939: checking whether ln -s works
configure:4943: result: yes
configure:4950: checking whether make sets $(MAKE)
configure:4972: result: yes
configure:5025: checking for ranlib
configure:5041: found /usr/bin/ranlib
configure:5052: result: ranlib
configure:5120: checking how to print strings
configure:5147: result: printf
configure:5168: checking for a sed that does not truncate output
configure:5232: result: /bin/sed
configure:5250: checking for grep that handles long lines and -e
configure:5308: result: /bin/grep
configure:5313: checking for egrep
configure:5375: result: /bin/grep -E
configure:5380: checking for fgrep
configure:5442: result: /bin/grep -F
configure:5477: checking for ld used by gcc
configure:5544: result: /usr/bin/ld
configure:5551: checking if the linker (/usr/bin/ld) is GNU ld
configure:5566: result: yes
configure:5578: checking for BSD- or MS-compatible name lister (nm)
configure:5627: result: /usr/bin/nm -B
configure:5757: checking the name lister (/usr/bin/nm -B) interface
configure:5764: g++ -c -O2 -DNDEBUG -msse2 -mfpmath=sse -Wall  conftest.cpp >&5
configure:5767: /usr/bin/nm -B "conftest.o"
configure:5770: output
0000000000000000 B some_variable
configure:5777: result: BSD nm
configure:5781: checking the maximum length of command line arguments
configure:5911: result: 1572864
configure:5928: checking whether the shell understands some XSI constructs
configure:5938: result: yes
configure:5942: checking whether the shell understands "+="
configure:5948: result: yes
configure:5983: checking how to convert x86_64-unknown-linux-gnu file names to x86_64-unknown-linux-gnu format
configure:6023: result: func_convert_file_noop
configure:6030: checking how to convert x86_64-unknown-linux-gnu file names to toolchain format
configure:6050: result: func_convert_file_noop
configure:6057: checking for /usr/bin/ld option to reload object files
configure:6064: result: -r
configure:6138: checking for objdump
configure:6154: found /usr/bin/objdump
configure:6165: result: objdump
configure:6197: checking how to recognize dependent libraries
configure:6399: result: pass_all
configure:6484: checking for dlltool
configure:6514: result: no
configure:6544: checking how to associate runtime and link libraries
configure:6571: result: printf %s\n
configure:6632: checking for ar
configure:6648: found /usr/bin/ar
configure:6659: result: ar
configure:6696: checking for archiver @FILE support
configure:6713: g++ -c -O2 -DNDEBUG -msse2 -mfpmath=sse -Wall  conftest.cpp >&5
configure:6713: $? = 0
configure:6716: ar cru libconftest.a @conftest.lst >&5
configure:6719: $? = 0
configure:6724: ar cru libconftest.a @conftest.lst >&5
ar: conftest.o: No such file or directory
configure:6727: $? = 1
configure:6739: result: @
configure:6797: checking for strip
configure:6813: found /usr/bin/strip
configure:6824: result: strip
configure:6896: checking for ranlib
configure:6923: result: ranlib
configure:7025: checking command to parse /usr/bin/nm -B output from gcc object
configure:7145: g++ -c -O2 -DNDEBUG -msse2 -mfpmath=sse -Wall  conftest.cpp >&5
configure:7148: $? = 0
configure:7152: /usr/bin/nm -B conftest.o \| sed -n -e 's/^.*[ ]\([ABCDGIRSTW][ABCDGIRSTW]*\)[ ][ ]*\([_A-Za-z][_A-Za-z0-9]*\)$/\1 \2 \2/p' | sed '/ __gnu_lto/d' \> conftest.nm
configure:7155: $? = 0
configure:7221: g++ -o conftest -O2 -DNDEBUG -msse2 -mfpmath=sse -Wall   conftest.cpp conftstm.o >&5
configure:7224: $? = 0
configure:7262: result: ok
configure:7299: checking for sysroot
configure:7329: result: no
configure:7407: g++ -c -O2 -DNDEBUG -msse2 -mfpmath=sse -Wall  conftest.cpp >&5
configure:7410: $? = 0
configure:7586: checking for mt
configure:7602: found /bin/mt
configure:7613: result: mt
configure:7636: checking if mt is a manifest tool
configure:7642: mt '-?'
configure:7650: result: no
configure:8288: checking for ANSI C header files
configure:8308: g++ -c -O2 -DNDEBUG -msse2 -mfpmath=sse -Wall  conftest.cpp >&5
configure:8308: $? = 0
./configure: line 8322: conftest.cpp: command not found
configure:8392: result: no
configure:8405: checking for sys/types.h
configure:8405: g++ -c -O2 -DNDEBUG -msse2 -mfpmath=sse -Wall  conftest.cpp >&5
configure:8405: $? = 0
configure:8405: result: yes
configure:8405: checking for sys/stat.h
configure:8405: g++ -c -O2 -DNDEBUG -msse2 -mfpmath=sse -Wall  conftest.cpp >&5
configure:8405: $? = 0
configure:8405: result: yes
configure:8405: checking for stdlib.h
configure:8405: g++ -c -O2 -DNDEBUG -msse2 -mfpmath=sse -Wall  conftest.cpp >&5
configure:8405: $? = 0
configure:8405: result: yes
configure:8405: checking for string.h
configure:8405: g++ -c -O2 -DNDEBUG -msse2 -mfpmath=sse -Wall  conftest.cpp >&5
configure:8405: $? = 0
configure:8405: result: yes
configure:8405: checking for memory.h
configure:8405: g++ -c -O2 -DNDEBUG -msse2 -mfpmath=sse -Wall  conftest.cpp >&5
configure:8405: $? = 0
configure:8405: result: yes
configure:8405: checking for strings.h
configure:8405: g++ -c -O2 -DNDEBUG -msse2 -mfpmath=sse -Wall  conftest.cpp >&5
configure:8405: $? = 0
configure:8405: result: yes
configure:8405: checking for inttypes.h
configure:8405: g++ -c -O2 -DNDEBUG -msse2 -mfpmath=sse -Wall  conftest.cpp >&5
configure:8405: $? = 0
configure:8405: result: yes
configure:8405: checking for stdint.h
configure:8405: g++ -c -O2 -DNDEBUG -msse2 -mfpmath=sse -Wall  conftest.cpp >&5
configure:8405: $? = 0
configure:8405: result: yes
configure:8405: checking for unistd.h
configure:8405: g++ -c -O2 -DNDEBUG -msse2 -mfpmath=sse -Wall  conftest.cpp >&5
configure:8405: $? = 0
configure:8405: result: yes
configure:8419: checking for dlfcn.h
configure:8419: g++ -c -O2 -DNDEBUG -msse2 -mfpmath=sse -Wall  conftest.cpp >&5
configure:8419: $? = 0
configure:8419: result: yes
configure:8635: checking for objdir
configure:8650: result: .libs
configure:8917: checking if gcc supports -fno-rtti -fno-exceptions
configure:8935: gcc -c -Wall  -fno-rtti -fno-exceptions conftest.c >&5
cc1: warning: command line option '-fno-rtti' is valid for C++/ObjC++ but not for C
configure:8939: $? = 0
configure:8952: result: no
configure:9279: checking for gcc option to produce PIC
configure:9286: result: -fPIC -DPIC
configure:9294: checking if gcc PIC flag -fPIC -DPIC works
configure:9312: gcc -c -Wall  -fPIC -DPIC -DPIC conftest.c >&5
configure:9316: $? = 0
configure:9329: result: yes
configure:9358: checking if gcc static flag -static works
configure:9386: result: yes
configure:9401: checking if gcc supports -c -o file.o
configure:9422: gcc -c -Wall  -o out/conftest2.o conftest.c >&5
configure:9426: $? = 0
configure:9448: result: yes
configure:9456: checking if gcc supports -c -o file.o
configure:9503: result: yes
configure:9536: checking whether the gcc linker (/usr/bin/ld -m elf_x86_64) supports shared libraries
configure:10689: result: yes
configure:10726: checking whether -lc should be explicitly linked in
configure:10734: gcc -c -Wall  conftest.c >&5
configure:10737: $? = 0
configure:10752: gcc -shared  -fPIC -DPIC conftest.o  -v -Wl,-soname -Wl,conftest -o conftest 2\>\&1 \| /bin/grep  -lc  \>/dev/null 2\>\&1
configure:10755: $? = 0
configure:10769: result: no
configure:10929: checking dynamic linker characteristics
configure:11440: gcc -o conftest -Wall   -Wl,-rpath -Wl,/foo conftest.c  >&5
configure:11440: $? = 0
configure:11662: result: GNU/Linux ld.so
configure:11769: checking how to hardcode library paths into programs
configure:11794: result: immediate
configure:12334: checking whether stripping libraries is possible
configure:12339: result: yes
configure:12374: checking if libtool supports shared libraries
configure:12376: result: yes
configure:12379: checking whether to build shared libraries
configure:12400: result: yes
configure:12403: checking whether to build static libraries
configure:12407: result: yes
configure:12430: checking how to run the C++ preprocessor
configure:12457: g++ -E  conftest.cpp
configure:12457: $? = 0
configure:12471: g++ -E  conftest.cpp
conftest.cpp:22:28: fatal error: ac_nonexistent.h: No such file or directory
 #include <ac_nonexistent.h>
                            ^
compilation terminated.
configure:12471: $? = 1
configure: failed program was:
| /* confdefs.h */
| #define PACKAGE_NAME "sumo"
| #define PACKAGE_TARNAME "sumo"
| #define PACKAGE_VERSION "0.23.0"
| #define PACKAGE_STRING "sumo 0.23.0"
| #define PACKAGE_BUGREPORT ""
| #define PACKAGE_URL ""
| #define PACKAGE "sumo"
| #define VERSION "0.23.0"
| #define HAVE_SYS_TYPES_H 1
| #define HAVE_SYS_STAT_H 1
| #define HAVE_STDLIB_H 1
| #define HAVE_STRING_H 1
| #define HAVE_MEMORY_H 1
| #define HAVE_STRINGS_H 1
| #define HAVE_INTTYPES_H 1
| #define HAVE_STDINT_H 1
| #define HAVE_UNISTD_H 1
| #define HAVE_DLFCN_H 1
| #define LT_OBJDIR ".libs/"
| /* end confdefs.h.  */
| #include <ac_nonexistent.h>
configure:12496: result: g++ -E
configure:12516: g++ -E  conftest.cpp
configure:12516: $? = 0
configure:12530: g++ -E  conftest.cpp
conftest.cpp:22:28: fatal error: ac_nonexistent.h: No such file or directory
 #include <ac_nonexistent.h>
                            ^
compilation terminated.
configure:12530: $? = 1
configure: failed program was:
| /* confdefs.h */
| #define PACKAGE_NAME "sumo"
| #define PACKAGE_TARNAME "sumo"
| #define PACKAGE_VERSION "0.23.0"
| #define PACKAGE_STRING "sumo 0.23.0"
| #define PACKAGE_BUGREPORT ""
| #define PACKAGE_URL ""
| #define PACKAGE "sumo"
| #define VERSION "0.23.0"
| #define HAVE_SYS_TYPES_H 1
| #define HAVE_SYS_STAT_H 1
| #define HAVE_STDLIB_H 1
| #define HAVE_STRING_H 1
| #define HAVE_MEMORY_H 1
| #define HAVE_STRINGS_H 1
| #define HAVE_INTTYPES_H 1
| #define HAVE_STDINT_H 1
| #define HAVE_UNISTD_H 1
| #define HAVE_DLFCN_H 1
| #define LT_OBJDIR ".libs/"
| /* end confdefs.h.  */
| #include <ac_nonexistent.h>
configure:12699: checking for ld used by g++
configure:12766: result: /usr/bin/ld -m elf_x86_64
configure:12773: checking if the linker (/usr/bin/ld -m elf_x86_64) is GNU ld
configure:12788: result: yes
configure:12843: checking whether the g++ linker (/usr/bin/ld -m elf_x86_64) supports shared libraries
configure:13848: result: yes
configure:13884: g++ -c -O2 -DNDEBUG -msse2 -mfpmath=sse -Wall  conftest.cpp >&5
configure:13887: $? = 0
configure:14407: checking for g++ option to produce PIC
configure:14414: result: -fPIC -DPIC
configure:14422: checking if g++ PIC flag -fPIC -DPIC works
configure:14440: g++ -c -O2 -DNDEBUG -msse2 -mfpmath=sse -Wall  -fPIC -DPIC -DPIC conftest.cpp >&5
configure:14444: $? = 0
configure:14457: result: yes
configure:14480: checking if g++ static flag -static works
configure:14508: result: yes
configure:14520: checking if g++ supports -c -o file.o
configure:14541: g++ -c -O2 -DNDEBUG -msse2 -mfpmath=sse -Wall  -o out/conftest2.o conftest.cpp >&5
configure:14545: $? = 0
configure:14567: result: yes
configure:14572: checking if g++ supports -c -o file.o
configure:14619: result: yes
configure:14649: checking whether the g++ linker (/usr/bin/ld -m elf_x86_64) supports shared libraries
configure:14685: result: yes
configure:14826: checking dynamic linker characteristics
configure:15493: result: GNU/Linux ld.so
configure:15546: checking how to hardcode library paths into programs
configure:15571: result: immediate
configure:15781: checking for pkg-config
configure:15799: found /usr/bin/pkg-config
configure:15811: result: /usr/bin/pkg-config
configure:15836: checking pkg-config is at least version 0.9.0
configure:15839: result: yes
configure:15849: checking for XERCES
configure:15856: $PKG_CONFIG --exists --print-errors "xerces-c >= 3.0"
configure:15859: $? = 0
configure:15873: $PKG_CONFIG --exists --print-errors "xerces-c >= 3.0"
configure:15876: $? = 0
configure:15918: result: yes
configure:16020: checking for main in -lxerces-c
configure:16039: g++ -o conftest -O2 -DNDEBUG -msse2 -mfpmath=sse -Wall   conftest.cpp -lxerces-c   >&5
configure:16039: $? = 0
configure:16049: result: yes
configure:16115: checking xercesc/util/XercesVersion.hpp usability
configure:16115: g++ -c -O2 -DNDEBUG -msse2 -mfpmath=sse -Wall  -I/usr/local/include -I/usr/include conftest.cpp >&5
configure:16115: $? = 0
configure:16115: result: yes
configure:16115: checking xercesc/util/XercesVersion.hpp presence
configure:16115: g++ -E  -I/usr/local/include -I/usr/include conftest.cpp
configure:16115: $? = 0
configure:16115: result: yes
configure:16115: checking for xercesc/util/XercesVersion.hpp
configure:16115: result: yes
configure:16166: checking for main in -lproj
configure:16185: g++ -o conftest -O2 -DNDEBUG -msse2 -mfpmath=sse -Wall   conftest.cpp -lproj   >&5
/usr/bin/ld: cannot find -lproj
collect2: error: ld returned 1 exit status
configure:16185: $? = 1
configure: failed program was:
| /* confdefs.h */
| #define PACKAGE_NAME "sumo"
| #define PACKAGE_TARNAME "sumo"
| #define PACKAGE_VERSION "0.23.0"
| #define PACKAGE_STRING "sumo 0.23.0"
| #define PACKAGE_BUGREPORT ""
| #define PACKAGE_URL ""
| #define PACKAGE "sumo"
| #define VERSION "0.23.0"
| #define HAVE_SYS_TYPES_H 1
| #define HAVE_SYS_STAT_H 1
| #define HAVE_STDLIB_H 1
| #define HAVE_STRING_H 1
| #define HAVE_MEMORY_H 1
| #define HAVE_STRINGS_H 1
| #define HAVE_INTTYPES_H 1
| #define HAVE_STDINT_H 1
| #define HAVE_UNISTD_H 1
| #define HAVE_DLFCN_H 1
| #define LT_OBJDIR ".libs/"
| #define HAVE_INTERNAL_LANES 1
| #define SUMOReal double
| #define SUMOLong long long int
| #define HAVE_SUBSECOND_TIMESTEPS 1
| #define POSITION_EPS (SUMOReal)0.1
| #define NUMERICAL_EPS (SUMOReal)0.001
| #define OUTPUT_ACCURACY 2
| #define GEO_OUTPUT_ACCURACY 6
| #define SUMOLong long long int
| #define XERCES3_SIZE_t XMLSize_t
| #define VERSION_STRING "0.23.0"
| /* end confdefs.h.  */
| 
| 
| int
| main ()
| {
| return main ();
|   ;
|   return 0;
| }
configure:16194: result: no
configure:16199: WARNING: proj-lib not found. Specify path with option --with-proj-libraries=DIR.
configure:16254: checking proj_api.h usability
configure:16254: g++ -c -O2 -DNDEBUG -msse2 -mfpmath=sse -Wall  conftest.cpp >&5
conftest.cpp:66:22: fatal error: proj_api.h: No such file or directory
 #include <proj_api.h>
                      ^
compilation terminated.
configure:16254: $? = 1
configure: failed program was:
| /* confdefs.h */
| #define PACKAGE_NAME "sumo"
| #define PACKAGE_TARNAME "sumo"
| #define PACKAGE_VERSION "0.23.0"
| #define PACKAGE_STRING "sumo 0.23.0"
| #define PACKAGE_BUGREPORT ""
| #define PACKAGE_URL ""
| #define PACKAGE "sumo"
| #define VERSION "0.23.0"
| #define HAVE_SYS_TYPES_H 1
| #define HAVE_SYS_STAT_H 1
| #define HAVE_STDLIB_H 1
| #define HAVE_STRING_H 1
| #define HAVE_MEMORY_H 1
| #define HAVE_STRINGS_H 1
| #define HAVE_INTTYPES_H 1
| #define HAVE_STDINT_H 1
| #define HAVE_UNISTD_H 1
| #define HAVE_DLFCN_H 1
| #define LT_OBJDIR ".libs/"
| #define HAVE_INTERNAL_LANES 1
| #define SUMOReal double
| #define SUMOLong long long int
| #define HAVE_SUBSECOND_TIMESTEPS 1
| #define POSITION_EPS (SUMOReal)0.1
| #define NUMERICAL_EPS (SUMOReal)0.001
| #define OUTPUT_ACCURACY 2
| #define GEO_OUTPUT_ACCURACY 6
| #define SUMOLong long long int
| #define XERCES3_SIZE_t XMLSize_t
| #define VERSION_STRING "0.23.0"
| /* end confdefs.h.  */
| #include <stdio.h>
| #ifdef HAVE_SYS_TYPES_H
| # include <sys/types.h>
| #endif
| #ifdef HAVE_SYS_STAT_H
| # include <sys/stat.h>
| #endif
| #ifdef STDC_HEADERS
| # include <stdlib.h>
| # include <stddef.h>
| #else
| # ifdef HAVE_STDLIB_H
| #  include <stdlib.h>
| # endif
| #endif
| #ifdef HAVE_STRING_H
| # if !defined STDC_HEADERS && defined HAVE_MEMORY_H
| #  include <memory.h>
| # endif
| # include <string.h>
| #endif
| #ifdef HAVE_STRINGS_H
| # include <strings.h>
| #endif
| #ifdef HAVE_INTTYPES_H
| # include <inttypes.h>
| #endif
| #ifdef HAVE_STDINT_H
| # include <stdint.h>
| #endif
| #ifdef HAVE_UNISTD_H
| # include <unistd.h>
| #endif
| #include <proj_api.h>
configure:16254: result: no
configure:16254: checking proj_api.h presence
configure:16254: g++ -E  conftest.cpp
conftest.cpp:33:22: fatal error: proj_api.h: No such file or directory
 #include <proj_api.h>
                      ^
compilation terminated.
configure:16254: $? = 1
configure: failed program was:
| /* confdefs.h */
| #define PACKAGE_NAME "sumo"
| #define PACKAGE_TARNAME "sumo"
| #define PACKAGE_VERSION "0.23.0"
| #define PACKAGE_STRING "sumo 0.23.0"
| #define PACKAGE_BUGREPORT ""
| #define PACKAGE_URL ""
| #define PACKAGE "sumo"
| #define VERSION "0.23.0"
| #define HAVE_SYS_TYPES_H 1
| #define HAVE_SYS_STAT_H 1
| #define HAVE_STDLIB_H 1
| #define HAVE_STRING_H 1
| #define HAVE_MEMORY_H 1
| #define HAVE_STRINGS_H 1
| #define HAVE_INTTYPES_H 1
| #define HAVE_STDINT_H 1
| #define HAVE_UNISTD_H 1
| #define HAVE_DLFCN_H 1
| #define LT_OBJDIR ".libs/"
| #define HAVE_INTERNAL_LANES 1
| #define SUMOReal double
| #define SUMOLong long long int
| #define HAVE_SUBSECOND_TIMESTEPS 1
| #define POSITION_EPS (SUMOReal)0.1
| #define NUMERICAL_EPS (SUMOReal)0.001
| #define OUTPUT_ACCURACY 2
| #define GEO_OUTPUT_ACCURACY 6
| #define SUMOLong long long int
| #define XERCES3_SIZE_t XMLSize_t
| #define VERSION_STRING "0.23.0"
| /* end confdefs.h.  */
| #include <proj_api.h>
configure:16254: result: no
configure:16254: checking for proj_api.h
configure:16254: result: no
configure:16258: WARNING: proj-includes not found. Specify path with option --with-proj-includes=DIR.
configure:16300: checking for gdal-config
configure:16333: result: no
configure:16339: WARNING: could not find gdal-config from libgdal within the current path. Specify path with option --with-gdal-config.
configure:16392: checking for fox-config
configure:16425: result: no
configure:16431: WARNING: could not find fox-config from libfox within the current path. Specify path with option --with-fox-config.
configure:16492: checking for gtest-config
configure:16525: result: no
configure:16636: checking for size_t
configure:16636: g++ -c -O2 -DNDEBUG -msse2 -mfpmath=sse -Wall  conftest.cpp >&5
configure:16636: $? = 0
configure:16636: g++ -c -O2 -DNDEBUG -msse2 -mfpmath=sse -Wall  conftest.cpp >&5
conftest.cpp: In function 'int main()':
conftest.cpp:69:20: error: expected primary-expression before ')' token
 if (sizeof ((size_t)))
                    ^
configure:16636: $? = 1
configure: failed program was:
| /* confdefs.h */
| #define PACKAGE_NAME "sumo"
| #define PACKAGE_TARNAME "sumo"
| #define PACKAGE_VERSION "0.23.0"
| #define PACKAGE_STRING "sumo 0.23.0"
| #define PACKAGE_BUGREPORT ""
| #define PACKAGE_URL ""
| #define PACKAGE "sumo"
| #define VERSION "0.23.0"
| #define HAVE_SYS_TYPES_H 1
| #define HAVE_SYS_STAT_H 1
| #define HAVE_STDLIB_H 1
| #define HAVE_STRING_H 1
| #define HAVE_MEMORY_H 1
| #define HAVE_STRINGS_H 1
| #define HAVE_INTTYPES_H 1
| #define HAVE_STDINT_H 1
| #define HAVE_UNISTD_H 1
| #define HAVE_DLFCN_H 1
| #define LT_OBJDIR ".libs/"
| #define HAVE_INTERNAL_LANES 1
| #define SUMOReal double
| #define SUMOLong long long int
| #define HAVE_SUBSECOND_TIMESTEPS 1
| #define POSITION_EPS (SUMOReal)0.1
| #define NUMERICAL_EPS (SUMOReal)0.001
| #define OUTPUT_ACCURACY 2
| #define GEO_OUTPUT_ACCURACY 6
| #define SUMOLong long long int
| #define XERCES3_SIZE_t XMLSize_t
| #define VERSION_STRING "0.23.0"
| /* end confdefs.h.  */
| #include <stdio.h>
| #ifdef HAVE_SYS_TYPES_H
| # include <sys/types.h>
| #endif
| #ifdef HAVE_SYS_STAT_H
| # include <sys/stat.h>
| #endif
| #ifdef STDC_HEADERS
| # include <stdlib.h>
| # include <stddef.h>
| #else
| # ifdef HAVE_STDLIB_H
| #  include <stdlib.h>
| # endif
| #endif
| #ifdef HAVE_STRING_H
| # if !defined STDC_HEADERS && defined HAVE_MEMORY_H
| #  include <memory.h>
| # endif
| # include <string.h>
| #endif
| #ifdef HAVE_STRINGS_H
| # include <strings.h>
| #endif
| #ifdef HAVE_INTTYPES_H
| # include <inttypes.h>
| #endif
| #ifdef HAVE_STDINT_H
| # include <stdint.h>
| #endif
| #ifdef HAVE_UNISTD_H
| # include <unistd.h>
| #endif
| int
| main ()
| {
| if (sizeof ((size_t)))
| 	    return 0;
|   ;
|   return 0;
| }
configure:16636: result: yes
configure:16649: checking for working alloca.h
configure:16666: g++ -o conftest -O2 -DNDEBUG -msse2 -mfpmath=sse -Wall   conftest.cpp  >&5
configure:16666: $? = 0
configure:16674: result: yes
configure:16682: checking for alloca
configure:16719: g++ -o conftest -O2 -DNDEBUG -msse2 -mfpmath=sse -Wall   conftest.cpp  >&5
configure:16719: $? = 0
configure:16727: result: yes
configure:16833: checking for ANSI C header files
configure:16937: result: no
configure:16948: checking float.h usability
configure:16948: g++ -c -O2 -DNDEBUG -msse2 -mfpmath=sse -Wall  conftest.cpp >&5
configure:16948: $? = 0
configure:16948: result: yes
configure:16948: checking float.h presence
configure:16948: g++ -E  conftest.cpp
configure:16948: $? = 0
configure:16948: result: yes
configure:16948: checking for float.h
configure:16948: result: yes
configure:16948: checking limits.h usability
configure:16948: g++ -c -O2 -DNDEBUG -msse2 -mfpmath=sse -Wall  conftest.cpp >&5
configure:16948: $? = 0
configure:16948: result: yes
configure:16948: checking limits.h presence
configure:16948: g++ -E  conftest.cpp
configure:16948: $? = 0
configure:16948: result: yes
configure:16948: checking for limits.h
configure:16948: result: yes
configure:16948: checking malloc.h usability
configure:16948: g++ -c -O2 -DNDEBUG -msse2 -mfpmath=sse -Wall  conftest.cpp >&5
configure:16948: $? = 0
configure:16948: result: yes
configure:16948: checking malloc.h presence
configure:16948: g++ -E  conftest.cpp
configure:16948: $? = 0
configure:16948: result: yes
configure:16948: checking for malloc.h
configure:16948: result: yes
configure:16948: checking math.h usability
configure:16948: g++ -c -O2 -DNDEBUG -msse2 -mfpmath=sse -Wall  conftest.cpp >&5
configure:16948: $? = 0
configure:16948: result: yes
configure:16948: checking math.h presence
configure:16948: g++ -E  conftest.cpp
configure:16948: $? = 0
configure:16948: result: yes
configure:16948: checking for math.h
configure:16948: result: yes
configure:16948: checking stddef.h usability
configure:16948: g++ -c -O2 -DNDEBUG -msse2 -mfpmath=sse -Wall  conftest.cpp >&5
configure:16948: $? = 0
configure:16948: result: yes
configure:16948: checking stddef.h presence
configure:16948: g++ -E  conftest.cpp
configure:16948: $? = 0
configure:16948: result: yes
configure:16948: checking for stddef.h
configure:16948: result: yes
configure:16948: checking for stdlib.h
configure:16948: result: yes
configure:16948: checking for string.h
configure:16948: result: yes
configure:16948: checking sys/time.h usability
configure:16948: g++ -c -O2 -DNDEBUG -msse2 -mfpmath=sse -Wall  conftest.cpp >&5
configure:16948: $? = 0
configure:16948: result: yes
configure:16948: checking sys/time.h presence
configure:16948: g++ -E  conftest.cpp
configure:16948: $? = 0
configure:16948: result: yes
configure:16948: checking for sys/time.h
configure:16948: result: yes
configure:16948: checking for unistd.h
configure:16948: result: yes
configure:16948: checking wchar.h usability
configure:16948: g++ -c -O2 -DNDEBUG -msse2 -mfpmath=sse -Wall  conftest.cpp >&5
configure:16948: $? = 0
configure:16948: result: yes
configure:16948: checking wchar.h presence
configure:16948: g++ -E  conftest.cpp
configure:16948: $? = 0
configure:16948: result: yes
configure:16948: checking for wchar.h
configure:16948: result: yes
configure:16959: checking for stdbool.h that conforms to C99
configure:17026: g++ -c -O2 -DNDEBUG -msse2 -mfpmath=sse -Wall  conftest.cpp >&5
conftest.cpp: In function 'int main()':
conftest.cpp:94:24: warning: the address of 's' will always evaluate as 'true' [-Waddress]
              bool e = &s;
                        ^
conftest.cpp:98:23: warning: the address of 'a' will always evaluate as 'true' [-Waddress]
              return (!a + !b + !c + !d + !e + !f + !g + !h + !i + !!j + !k + !!l
                       ^
conftest.cpp:98:28: warning: the address of 'b' will always evaluate as 'true' [-Waddress]
              return (!a + !b + !c + !d + !e + !f + !g + !h + !i + !!j + !k + !!l
                            ^
conftest.cpp:98:33: warning: the address of 'c' will always evaluate as 'true' [-Waddress]
              return (!a + !b + !c + !d + !e + !f + !g + !h + !i + !!j + !k + !!l
                                 ^
conftest.cpp:98:38: warning: the address of 'd' will always evaluate as 'true' [-Waddress]
              return (!a + !b + !c + !d + !e + !f + !g + !h + !i + !!j + !k + !!l
                                      ^
conftest.cpp:98:48: warning: the address of 'f' will always evaluate as 'true' [-Waddress]
              return (!a + !b + !c + !d + !e + !f + !g + !h + !i + !!j + !k + !!l
                                                ^
conftest.cpp:98:53: warning: the address of 'g' will always evaluate as 'true' [-Waddress]
              return (!a + !b + !c + !d + !e + !f + !g + !h + !i + !!j + !k + !!l
                                                     ^
conftest.cpp:98:58: warning: the address of 'h' will always evaluate as 'true' [-Waddress]
              return (!a + !b + !c + !d + !e + !f + !g + !h + !i + !!j + !k + !!l
                                                          ^
conftest.cpp:98:63: warning: the address of 'i' will always evaluate as 'true' [-Waddress]
              return (!a + !b + !c + !d + !e + !f + !g + !h + !i + !!j + !k + !!l
                                                               ^
conftest.cpp:99:30: warning: the address of 'n' will always evaluate as 'true' [-Waddress]
                              ^
conftest.cpp:99:35: warning: the address of 'o' will always evaluate as 'true' [-Waddress]
                                   ^
conftest.cpp:99:40: warning: the address of 'p' will always evaluate as 'true' [-Waddress]
                                        ^
configure:17026: $? = 0
configure:17033: result: yes
configure:17035: checking for _Bool
configure:17035: g++ -c -O2 -DNDEBUG -msse2 -mfpmath=sse -Wall  conftest.cpp >&5
conftest.cpp: In function 'int main()':
conftest.cpp:81:13: error: '_Bool' was not declared in this scope
 if (sizeof (_Bool))
             ^
configure:17035: $? = 1
configure: failed program was:
| /* confdefs.h */
| #define PACKAGE_NAME "sumo"
| #define PACKAGE_TARNAME "sumo"
| #define PACKAGE_VERSION "0.23.0"
| #define PACKAGE_STRING "sumo 0.23.0"
| #define PACKAGE_BUGREPORT ""
| #define PACKAGE_URL ""
| #define PACKAGE "sumo"
| #define VERSION "0.23.0"
| #define HAVE_SYS_TYPES_H 1
| #define HAVE_SYS_STAT_H 1
| #define HAVE_STDLIB_H 1
| #define HAVE_STRING_H 1
| #define HAVE_MEMORY_H 1
| #define HAVE_STRINGS_H 1
| #define HAVE_INTTYPES_H 1
| #define HAVE_STDINT_H 1
| #define HAVE_UNISTD_H 1
| #define HAVE_DLFCN_H 1
| #define LT_OBJDIR ".libs/"
| #define HAVE_INTERNAL_LANES 1
| #define SUMOReal double
| #define SUMOLong long long int
| #define HAVE_SUBSECOND_TIMESTEPS 1
| #define POSITION_EPS (SUMOReal)0.1
| #define NUMERICAL_EPS (SUMOReal)0.001
| #define OUTPUT_ACCURACY 2
| #define GEO_OUTPUT_ACCURACY 6
| #define SUMOLong long long int
| #define XERCES3_SIZE_t XMLSize_t
| #define VERSION_STRING "0.23.0"
| #define HAVE_ALLOCA_H 1
| #define HAVE_ALLOCA 1
| #define HAVE_FLOAT_H 1
| #define HAVE_LIMITS_H 1
| #define HAVE_MALLOC_H 1
| #define HAVE_MATH_H 1
| #define HAVE_STDDEF_H 1
| #define HAVE_STDLIB_H 1
| #define HAVE_STRING_H 1
| #define HAVE_SYS_TIME_H 1
| #define HAVE_UNISTD_H 1
| #define HAVE_WCHAR_H 1
| /* end confdefs.h.  */
| #include <stdio.h>
| #ifdef HAVE_SYS_TYPES_H
| # include <sys/types.h>
| #endif
| #ifdef HAVE_SYS_STAT_H
| # include <sys/stat.h>
| #endif
| #ifdef STDC_HEADERS
| # include <stdlib.h>
| # include <stddef.h>
| #else
| # ifdef HAVE_STDLIB_H
| #  include <stdlib.h>
| # endif
| #endif
| #ifdef HAVE_STRING_H
| # if !defined STDC_HEADERS && defined HAVE_MEMORY_H
| #  include <memory.h>
| # endif
| # include <string.h>
| #endif
| #ifdef HAVE_STRINGS_H
| # include <strings.h>
| #endif
| #ifdef HAVE_INTTYPES_H
| # include <inttypes.h>
| #endif
| #ifdef HAVE_STDINT_H
| # include <stdint.h>
| #endif
| #ifdef HAVE_UNISTD_H
| # include <unistd.h>
| #endif
| int
| main ()
| {
| if (sizeof (_Bool))
| 	 return 0;
|   ;
|   return 0;
| }
configure:17035: result: no
configure:17052: checking for an ANSI C-conforming const
configure:17118: g++ -c -O2 -DNDEBUG -msse2 -mfpmath=sse -Wall  conftest.cpp >&5
configure:17118: $? = 0
configure:17125: result: yes
configure:17133: checking for inline
configure:17149: g++ -c -O2 -DNDEBUG -msse2 -mfpmath=sse -Wall  conftest.cpp >&5
configure:17149: $? = 0
configure:17157: result: inline
configure:17175: checking for size_t
configure:17175: result: yes
configure:17186: checking whether time.h and sys/time.h may both be included
configure:17206: g++ -c -O2 -DNDEBUG -msse2 -mfpmath=sse -Wall  conftest.cpp >&5
configure:17206: $? = 0
configure:17213: result: yes
configure:17221: checking whether struct tm is in sys/time.h or time.h
configure:17241: g++ -c -O2 -DNDEBUG -msse2 -mfpmath=sse -Wall  conftest.cpp >&5
configure:17241: $? = 0
configure:17248: result: time.h
configure:17256: checking for working volatile
configure:17275: g++ -c -O2 -DNDEBUG -msse2 -mfpmath=sse -Wall  conftest.cpp >&5
configure:17275: $? = 0
configure:17282: result: yes
configure:17291: checking for error_at_line
configure:17307: g++ -o conftest -O2 -DNDEBUG -msse2 -mfpmath=sse -Wall   conftest.cpp  >&5
configure:17307: $? = 0
configure:17315: result: yes
configure:17328: checking for stdlib.h
configure:17328: result: yes
configure:17338: checking for GNU libc compatible malloc
configure:17362: g++ -o conftest -O2 -DNDEBUG -msse2 -mfpmath=sse -Wall   conftest.cpp  >&5
configure:17362: $? = 0
configure:17362: ./conftest
configure:17362: $? = 0
configure:17372: result: yes
configure:17396: checking sys/select.h usability
configure:17396: g++ -c -O2 -DNDEBUG -msse2 -mfpmath=sse -Wall  conftest.cpp >&5
configure:17396: $? = 0
configure:17396: result: yes
configure:17396: checking sys/select.h presence
configure:17396: g++ -E  conftest.cpp
configure:17396: $? = 0
configure:17396: result: yes
configure:17396: checking for sys/select.h
configure:17396: result: yes
configure:17396: checking sys/socket.h usability
configure:17396: g++ -c -O2 -DNDEBUG -msse2 -mfpmath=sse -Wall  conftest.cpp >&5
configure:17396: $? = 0
configure:17396: result: yes
configure:17396: checking sys/socket.h presence
configure:17396: g++ -E  conftest.cpp
configure:17396: $? = 0
configure:17396: result: yes
configure:17396: checking for sys/socket.h
configure:17396: result: yes
configure:17406: checking types of arguments for select
configure:17434: g++ -c -O2 -DNDEBUG -msse2 -mfpmath=sse -Wall  conftest.cpp >&5
configure:17434: $? = 0
configure:17445: result: int,fd_set *,struct timeval *
configure:17468: checking return type of signal handlers
configure:17486: g++ -c -O2 -DNDEBUG -msse2 -mfpmath=sse -Wall  conftest.cpp >&5
conftest.cpp: In function 'int main()':
conftest.cpp:60:22: error: void value not ignored as it ought to be
 return *(signal (0, 0)) (0) == 1;
                      ^
configure:17486: $? = 1
configure: failed program was:
| /* confdefs.h */
| #define PACKAGE_NAME "sumo"
| #define PACKAGE_TARNAME "sumo"
| #define PACKAGE_VERSION "0.23.0"
| #define PACKAGE_STRING "sumo 0.23.0"
| #define PACKAGE_BUGREPORT ""
| #define PACKAGE_URL ""
| #define PACKAGE "sumo"
| #define VERSION "0.23.0"
| #define HAVE_SYS_TYPES_H 1
| #define HAVE_SYS_STAT_H 1
| #define HAVE_STDLIB_H 1
| #define HAVE_STRING_H 1
| #define HAVE_MEMORY_H 1
| #define HAVE_STRINGS_H 1
| #define HAVE_INTTYPES_H 1
| #define HAVE_STDINT_H 1
| #define HAVE_UNISTD_H 1
| #define HAVE_DLFCN_H 1
| #define LT_OBJDIR ".libs/"
| #define HAVE_INTERNAL_LANES 1
| #define SUMOReal double
| #define SUMOLong long long int
| #define HAVE_SUBSECOND_TIMESTEPS 1
| #define POSITION_EPS (SUMOReal)0.1
| #define NUMERICAL_EPS (SUMOReal)0.001
| #define OUTPUT_ACCURACY 2
| #define GEO_OUTPUT_ACCURACY 6
| #define SUMOLong long long int
| #define XERCES3_SIZE_t XMLSize_t
| #define VERSION_STRING "0.23.0"
| #define HAVE_ALLOCA_H 1
| #define HAVE_ALLOCA 1
| #define HAVE_FLOAT_H 1
| #define HAVE_LIMITS_H 1
| #define HAVE_MALLOC_H 1
| #define HAVE_MATH_H 1
| #define HAVE_STDDEF_H 1
| #define HAVE_STDLIB_H 1
| #define HAVE_STRING_H 1
| #define HAVE_SYS_TIME_H 1
| #define HAVE_UNISTD_H 1
| #define HAVE_WCHAR_H 1
| #define HAVE_STDBOOL_H 1
| #define TIME_WITH_SYS_TIME 1
| #define HAVE_STDLIB_H 1
| #define HAVE_MALLOC 1
| #define HAVE_SYS_SELECT_H 1
| #define HAVE_SYS_SOCKET_H 1
| #define SELECT_TYPE_ARG1 int
| #define SELECT_TYPE_ARG234 (fd_set *)
| #define SELECT_TYPE_ARG5 (struct timeval *)
| /* end confdefs.h.  */
| #include <sys/types.h>
| #include <signal.h>
| 
| int
| main ()
| {
| return *(signal (0, 0)) (0) == 1;
|   ;
|   return 0;
| }
configure:17493: result: void
configure:17501: checking whether lstat correctly handles trailing slash
configure:17527: g++ -o conftest -O2 -DNDEBUG -msse2 -mfpmath=sse -Wall   conftest.cpp  >&5
configure:17527: $? = 0
configure:17527: ./conftest
configure:17527: $? = 0
configure:17544: result: yes
configure:17563: checking whether stat accepts an empty string
configure:17583: g++ -o conftest -O2 -DNDEBUG -msse2 -mfpmath=sse -Wall   conftest.cpp  >&5
configure:17583: $? = 0
configure:17583: ./conftest
configure:17583: $? = 0
configure:17593: result: no
configure:17612: checking for floor
configure:17612: g++ -o conftest -O2 -DNDEBUG -msse2 -mfpmath=sse -Wall   conftest.cpp  >&5
configure:17612: $? = 0
configure:17612: result: yes
configure:17612: checking for getcwd
configure:17612: g++ -o conftest -O2 -DNDEBUG -msse2 -mfpmath=sse -Wall   conftest.cpp  >&5
configure:17612: $? = 0
configure:17612: result: yes
configure:17612: checking for gettimeofday
configure:17612: g++ -o conftest -O2 -DNDEBUG -msse2 -mfpmath=sse -Wall   conftest.cpp  >&5
configure:17612: $? = 0
configure:17612: result: yes
configure:17612: checking for memset
configure:17612: g++ -o conftest -O2 -DNDEBUG -msse2 -mfpmath=sse -Wall   conftest.cpp  >&5
configure:17612: $? = 0
configure:17612: result: yes
configure:17612: checking for pow
configure:17612: g++ -o conftest -O2 -DNDEBUG -msse2 -mfpmath=sse -Wall   conftest.cpp  >&5
configure:17612: $? = 0
configure:17612: result: yes
configure:17612: checking for select
configure:17612: g++ -o conftest -O2 -DNDEBUG -msse2 -mfpmath=sse -Wall   conftest.cpp  >&5
configure:17612: $? = 0
configure:17612: result: yes
configure:17612: checking for socket
configure:17612: g++ -o conftest -O2 -DNDEBUG -msse2 -mfpmath=sse -Wall   conftest.cpp  >&5
configure:17612: $? = 0
configure:17612: result: yes
configure:17612: checking for sqrt
configure:17612: g++ -o conftest -O2 -DNDEBUG -msse2 -mfpmath=sse -Wall   conftest.cpp  >&5
configure:17612: $? = 0
configure:17612: result: yes
configure:17734: checking that generated files are newer than configure
configure:17740: result: done
configure:17795: creating ./config.status

## ---------------------- ##
## Running config.status. ##
## ---------------------- ##

This file was extended by sumo config.status 0.23.0, which was
generated by GNU Autoconf 2.69.  Invocation command line was

  CONFIG_FILES    = 
  CONFIG_HEADERS  = 
  CONFIG_LINKS    = 
  CONFIG_COMMANDS = 
  $ ./config.status 

on IUTC031

config.status:1296: creating src/Makefile
config.status:1296: creating src/activitygen/Makefile
config.status:1296: creating src/activitygen/activities/Makefile
config.status:1296: creating src/activitygen/city/Makefile
config.status:1296: creating src/foreign/Makefile
config.status:1296: creating src/foreign/eulerspiral/Makefile
config.status:1296: creating src/foreign/gl2ps/Makefile
config.status:1296: creating src/foreign/mersenne/Makefile
config.status:1296: creating src/foreign/nvwa/Makefile
config.status:1296: creating src/foreign/polyfonts/Makefile
config.status:1296: creating src/foreign/rtree/Makefile
config.status:1296: creating src/foreign/tcpip/Makefile
config.status:1296: creating src/gui/Makefile
config.status:1296: creating src/gui/dialogs/Makefile
config.status:1296: creating src/guinetload/Makefile
config.status:1296: creating src/guisim/Makefile
config.status:1296: creating src/microsim/Makefile
config.status:1296: creating src/microsim/actions/Makefile
config.status:1296: creating src/microsim/cfmodels/Makefile
config.status:1296: creating src/microsim/devices/Makefile
config.status:1296: creating src/microsim/lcmodels/Makefile
config.status:1296: creating src/microsim/logging/Makefile
config.status:1296: creating src/microsim/output/Makefile
config.status:1296: creating src/microsim/pedestrians/Makefile
config.status:1296: creating src/microsim/traffic_lights/Makefile
config.status:1296: creating src/microsim/trigger/Makefile
config.status:1296: creating src/marouter/Makefile
config.status:1296: creating src/netbuild/Makefile
config.status:1296: creating src/netgen/Makefile
config.status:1296: creating src/netimport/Makefile
config.status:1296: creating src/netimport/vissim/Makefile
config.status:1296: creating src/netimport/vissim/tempstructs/Makefile
config.status:1296: creating src/netimport/vissim/typeloader/Makefile
config.status:1296: creating src/netload/Makefile
config.status:1296: creating src/netwrite/Makefile
config.status:1296: creating src/od/Makefile
config.status:1296: creating src/polyconvert/Makefile
config.status:1296: creating src/router/Makefile
config.status:1296: creating src/dfrouter/Makefile
config.status:1296: creating src/duarouter/Makefile
config.status:1296: creating src/jtrrouter/Makefile
config.status:1296: creating src/tools/Makefile
config.status:1296: creating src/traci_testclient/Makefile
config.status:1296: creating src/traci-server/Makefile
config.status:1296: creating src/utils/Makefile
config.status:1296: creating src/utils/common/Makefile
config.status:1296: creating src/utils/distribution/Makefile
config.status:1296: creating src/utils/emissions/Makefile
config.status:1296: creating src/utils/foxtools/Makefile
config.status:1296: creating src/utils/geom/Makefile
config.status:1296: creating src/utils/gui/Makefile
config.status:1296: creating src/utils/gui/div/Makefile
config.status:1296: creating src/utils/gui/events/Makefile
config.status:1296: creating src/utils/gui/globjects/Makefile
config.status:1296: creating src/utils/gui/images/Makefile
config.status:1296: creating src/utils/gui/settings/Makefile
config.status:1296: creating src/utils/gui/tracker/Makefile
config.status:1296: creating src/utils/gui/windows/Makefile
config.status:1296: creating src/utils/importio/Makefile
config.status:1296: creating src/utils/iodevices/Makefile
config.status:1296: creating src/utils/options/Makefile
config.status:1296: creating src/utils/shapes/Makefile
config.status:1296: creating src/utils/traci/Makefile
config.status:1296: creating src/utils/vehicle/Makefile
config.status:1296: creating src/utils/xml/Makefile
config.status:1296: creating unittest/Makefile
config.status:1296: creating unittest/src/Makefile
config.status:1296: creating unittest/src/microsim/Makefile
config.status:1296: creating unittest/src/netbuild/Makefile
config.status:1296: creating unittest/src/utils/Makefile
config.status:1296: creating unittest/src/utils/common/Makefile
config.status:1296: creating unittest/src/utils/foxtools/Makefile
config.status:1296: creating unittest/src/utils/geom/Makefile
config.status:1296: creating unittest/src/utils/iodevices/Makefile
config.status:1296: creating bin/Makefile
config.status:1296: creating Makefile
config.status:1296: creating src/config.h
config.status:1525: executing depfiles commands
config.status:1525: executing libtool commands
configure:20361: result: 
configure:20363: result: Optional features summary
configure:20365: result: -------------------------
configure:20367: result: Enabled: InternalLanes DoublePrecision Subsecond TRACI
configure:20369: result: Disabled: Debug Profiling MemoryChecks PROJ GDAL GUI UnitTests Python

## ---------------- ##
## Cache variables. ##
## ---------------- ##

ac_cv_build=x86_64-unknown-linux-gnu
ac_cv_c_compiler_gnu=yes
ac_cv_c_const=yes
ac_cv_c_inline=inline
ac_cv_c_volatile=yes
ac_cv_cxx_compiler_gnu=yes
ac_cv_env_CCC_set=
ac_cv_env_CCC_value=
ac_cv_env_CC_set=
ac_cv_env_CC_value=
ac_cv_env_CFLAGS_set=set
ac_cv_env_CFLAGS_value=-Wall
ac_cv_env_CPPFLAGS_set=
ac_cv_env_CPPFLAGS_value=
ac_cv_env_CPP_set=
ac_cv_env_CPP_value=
ac_cv_env_CXXCPP_set=
ac_cv_env_CXXCPP_value=
ac_cv_env_CXXFLAGS_set=set
ac_cv_env_CXXFLAGS_value=-Wall
ac_cv_env_CXX_set=
ac_cv_env_CXX_value=
ac_cv_env_LDFLAGS_set=
ac_cv_env_LDFLAGS_value=
ac_cv_env_LIBS_set=
ac_cv_env_LIBS_value=
ac_cv_env_PKG_CONFIG_LIBDIR_set=
ac_cv_env_PKG_CONFIG_LIBDIR_value=
ac_cv_env_PKG_CONFIG_PATH_set=
ac_cv_env_PKG_CONFIG_PATH_value=
ac_cv_env_PKG_CONFIG_set=
ac_cv_env_PKG_CONFIG_value=
ac_cv_env_XERCES_CFLAGS_set=
ac_cv_env_XERCES_CFLAGS_value=
ac_cv_env_XERCES_LIBS_set=
ac_cv_env_XERCES_LIBS_value=
ac_cv_env_build_alias_set=
ac_cv_env_build_alias_value=
ac_cv_env_host_alias_set=
ac_cv_env_host_alias_value=
ac_cv_env_target_alias_set=
ac_cv_env_target_alias_value=
ac_cv_func_alloca_works=yes
ac_cv_func_floor=yes
ac_cv_func_getcwd=yes
ac_cv_func_gettimeofday=yes
ac_cv_func_lstat_dereferences_slashed_symlink=yes
ac_cv_func_malloc_0_nonnull=yes
ac_cv_func_memset=yes
ac_cv_func_pow=yes
ac_cv_func_select=yes
ac_cv_func_select_args='int,fd_set *,struct timeval *'
ac_cv_func_socket=yes
ac_cv_func_sqrt=yes
ac_cv_func_stat_empty_string_bug=no
ac_cv_header_dlfcn_h=yes
ac_cv_header_float_h=yes
ac_cv_header_inttypes_h=yes
ac_cv_header_limits_h=yes
ac_cv_header_malloc_h=yes
ac_cv_header_math_h=yes
ac_cv_header_memory_h=yes
ac_cv_header_proj_api_h=no
ac_cv_header_stdbool_h=yes
ac_cv_header_stdc=no
ac_cv_header_stddef_h=yes
ac_cv_header_stdint_h=yes
ac_cv_header_stdlib_h=yes
ac_cv_header_string_h=yes
ac_cv_header_strings_h=yes
ac_cv_header_sys_select_h=yes
ac_cv_header_sys_socket_h=yes
ac_cv_header_sys_stat_h=yes
ac_cv_header_sys_time_h=yes
ac_cv_header_sys_types_h=yes
ac_cv_header_time=yes
ac_cv_header_unistd_h=yes
ac_cv_header_wchar_h=yes
ac_cv_header_xercesc_util_XercesVersion_hpp=yes
ac_cv_host=x86_64-unknown-linux-gnu
ac_cv_lib_error_at_line=yes
ac_cv_lib_proj_main=no
ac_cv_lib_xerces_c___main=yes
ac_cv_objext=o
ac_cv_path_EGREP='/bin/grep -E'
ac_cv_path_FGREP='/bin/grep -F'
ac_cv_path_GREP=/bin/grep
ac_cv_path_SED=/bin/sed
ac_cv_path_ac_pt_PKG_CONFIG=/usr/bin/pkg-config
ac_cv_path_install='/usr/bin/install -c'
ac_cv_path_mkdir=/bin/mkdir
ac_cv_prog_AWK=gawk
ac_cv_prog_CPP='gcc -E'
ac_cv_prog_CXXCPP='g++ -E'
ac_cv_prog_ac_ct_AR=ar
ac_cv_prog_ac_ct_CC=gcc
ac_cv_prog_ac_ct_CXX=g++
ac_cv_prog_ac_ct_MANIFEST_TOOL=mt
ac_cv_prog_ac_ct_OBJDUMP=objdump
ac_cv_prog_ac_ct_RANLIB=ranlib
ac_cv_prog_ac_ct_STRIP=strip
ac_cv_prog_cc_c89=
ac_cv_prog_cc_g=yes
ac_cv_prog_cxx_g=yes
ac_cv_prog_make_make_set=yes
ac_cv_struct_tm=time.h
ac_cv_target=x86_64-unknown-linux-gnu
ac_cv_type__Bool=no
ac_cv_type_signal=void
ac_cv_type_size_t=yes
ac_cv_working_alloca_h=yes
am_cv_CC_dependencies_compiler_type=gcc3
am_cv_CXX_dependencies_compiler_type=gcc3
am_cv_make_support_nested_variables=yes
am_cv_prog_tar_ustar=gnutar
lt_cv_ar_at_file=@
lt_cv_archive_cmds_need_lc=no
lt_cv_deplibs_check_method=pass_all
lt_cv_file_magic_cmd='$MAGIC_CMD'
lt_cv_file_magic_test_file=
lt_cv_ld_reload_flag=-r
lt_cv_nm_interface='BSD nm'
lt_cv_objdir=.libs
lt_cv_path_LD=/usr/bin/ld
lt_cv_path_LDCXX='/usr/bin/ld -m elf_x86_64'
lt_cv_path_NM='/usr/bin/nm -B'
lt_cv_path_mainfest_tool=no
lt_cv_prog_compiler_c_o=yes
lt_cv_prog_compiler_c_o_CXX=yes
lt_cv_prog_compiler_pic='-fPIC -DPIC'
lt_cv_prog_compiler_pic_CXX='-fPIC -DPIC'
lt_cv_prog_compiler_pic_works=yes
lt_cv_prog_compiler_pic_works_CXX=yes
lt_cv_prog_compiler_rtti_exceptions=no
lt_cv_prog_compiler_static_works=yes
lt_cv_prog_compiler_static_works_CXX=yes
lt_cv_prog_gnu_ld=yes
lt_cv_prog_gnu_ldcxx=yes
lt_cv_sharedlib_from_linklib_cmd='printf %s\n'
lt_cv_shlibpath_overrides_runpath=no
lt_cv_sys_global_symbol_pipe='sed -n -e '\''s/^.*[	 ]\([ABCDGIRSTW][ABCDGIRSTW]*\)[	 ][	 ]*\([_A-Za-z][_A-Za-z0-9]*\)$/\1 \2 \2/p'\'' | sed '\''/ __gnu_lto/d'\'''
lt_cv_sys_global_symbol_to_c_name_address='sed -n -e '\''s/^: \([^ ]*\)[ ]*$/  {\"\1\", (void *) 0},/p'\'' -e '\''s/^[ABCDGIRSTW]* \([^ ]*\) \([^ ]*\)$/  {"\2", (void *) \&\2},/p'\'''
lt_cv_sys_global_symbol_to_c_name_address_lib_prefix='sed -n -e '\''s/^: \([^ ]*\)[ ]*$/  {\"\1\", (void *) 0},/p'\'' -e '\''s/^[ABCDGIRSTW]* \([^ ]*\) \(lib[^ ]*\)$/  {"\2", (void *) \&\2},/p'\'' -e '\''s/^[ABCDGIRSTW]* \([^ ]*\) \([^ ]*\)$/  {"lib\2", (void *) \&\2},/p'\'''
lt_cv_sys_global_symbol_to_cdecl='sed -n -e '\''s/^T .* \(.*\)$/extern int \1();/p'\'' -e '\''s/^[ABCDGIRSTW]* .* \(.*\)$/extern char \1;/p'\'''
lt_cv_sys_max_cmd_len=1572864
lt_cv_to_host_file_cmd=func_convert_file_noop
lt_cv_to_tool_file_cmd=func_convert_file_noop
pkg_cv_XERCES_CFLAGS=
pkg_cv_XERCES_LIBS='-lxerces-c '

## ----------------- ##
## Output variables. ##
## ----------------- ##

ACLOCAL='aclocal-1.13'
ALLOCA=''
AMDEPBACKSLASH='\'
AMDEP_FALSE='#'
AMDEP_TRUE=''
AMTAR='$${TAR-tar}'
AM_BACKSLASH='\'
AM_CPPFLAGS='-I/home/toto/Documents/VANET/sumo/sumo/./src  -I/usr/local/include -I/usr/include '
AM_CXXFLAGS=''
AM_DEFAULT_V='$(AM_DEFAULT_VERBOSITY)'
AM_DEFAULT_VERBOSITY='1'
AM_V='$(V)'
AR='ar'
AUTOCONF='autoconf'
AUTOHEADER='autoheader'
AUTOMAKE='automake-1.13'
AWK='gawk'
CC='gcc'
CCDEPMODE='depmode=gcc3'
CFLAGS='-Wall'
CHECK_MEMORY_LEAKS_FALSE=''
CHECK_MEMORY_LEAKS_TRUE='#'
CPP='gcc -E'
CPPFLAGS=''
CXX='g++'
CXXCPP='g++ -E'
CXXDEPMODE='depmode=gcc3'
CXXFLAGS='-O2 -DNDEBUG -msse2 -mfpmath=sse -Wall'
CYGPATH_W='echo'
DEFS='-DHAVE_CONFIG_H'
DEPDIR='.deps'
DLLTOOL='false'
DSYMUTIL=''
DUMPBIN=''
ECHO_C=''
ECHO_N='-n'
ECHO_T=''
EGREP='/bin/grep -E'
EXEEXT=''
FGREP='/bin/grep -F'
FOX_CONFIG=''
FOX_LDFLAGS=''
GDAL_CONFIG=''
GDAL_LDFLAGS=''
GREP='/bin/grep'
GTEST_CONFIG=''
GTEST_LDFLAGS=''
INSTALL_DATA='${INSTALL} -m 644'
INSTALL_PROGRAM='${INSTALL}'
INSTALL_SCRIPT='${INSTALL}'
INSTALL_STRIP_PROGRAM='$(install_sh) -c -s'
INTERNAL_FALSE=''
INTERNAL_TRUE='#'
LD='/usr/bin/ld -m elf_x86_64'
LDFLAGS=''
LIBOBJS=''
LIBS=''
LIBTOOL='$(SHELL) $(top_builddir)/libtool'
LIB_XERCES='xerces-c'
LIPO=''
LN_S='ln -s'
LTLIBOBJS=''
MAKEINFO='makeinfo'
MANIFEST_TOOL=':'
MKDIR_P='/bin/mkdir -p'
NM='/usr/bin/nm -B'
NMEDIT=''
OBJDUMP='objdump'
OBJEXT='o'
OSG_LIBS=''
OTOOL64=''
OTOOL=''
PACKAGE='sumo'
PACKAGE_BUGREPORT=''
PACKAGE_NAME='sumo'
PACKAGE_STRING='sumo 0.23.0'
PACKAGE_TARNAME='sumo'
PACKAGE_URL=''
PACKAGE_VERSION='0.23.0'
PATH_SEPARATOR=':'
PKG_CONFIG='/usr/bin/pkg-config'
PKG_CONFIG_LIBDIR=''
PKG_CONFIG_PATH=''
PROJ_LDFLAGS=''
PYTHON_LIBS=''
RANLIB='ranlib'
SED='/bin/sed'
SET_MAKE=''
SHELL='/bin/bash'
STRIP='strip'
TRACI_FALSE='#'
TRACI_TRUE=''
VERSION='0.23.0'
WITH_GTEST_FALSE=''
WITH_GTEST_TRUE='#'
WITH_GUI_FALSE=''
WITH_GUI_TRUE='#'
WITH_PYTHON_FALSE=''
WITH_PYTHON_TRUE='#'
WITH_VERSION_H_FALSE=''
WITH_VERSION_H_TRUE='#'
XERCES_CFLAGS=''
XERCES_LDFLAGS=''
XERCES_LIBS='-lxerces-c '
ac_ct_AR='ar'
ac_ct_CC='gcc'
ac_ct_CXX='g++'
ac_ct_DUMPBIN=''
am__EXEEXT_FALSE=''
am__EXEEXT_TRUE='#'
am__fastdepCC_FALSE='#'
am__fastdepCC_TRUE=''
am__fastdepCXX_FALSE='#'
am__fastdepCXX_TRUE=''
am__include='include'
am__isrc=''
am__leading_dot='.'
am__nodep='_no'
am__quote=''
am__tar='tar --format=ustar -chf - "$$tardir"'
am__untar='tar -xf -'
bindir='${exec_prefix}/bin'
build='x86_64-unknown-linux-gnu'
build_alias=''
build_cpu='x86_64'
build_os='linux-gnu'
build_vendor='unknown'
datadir='${datarootdir}'
datarootdir='${prefix}/share'
docdir='${datarootdir}/doc/${PACKAGE_TARNAME}'
dvidir='${docdir}'
exec_prefix='${prefix}'
host='x86_64-unknown-linux-gnu'
host_alias=''
host_cpu='x86_64'
host_os='linux-gnu'
host_vendor='unknown'
htmldir='${docdir}'
includedir='${prefix}/include'
infodir='${datarootdir}/info'
install_sh='${SHELL} /home/toto/Documents/VANET/sumo/sumo/install-sh'
libdir='${exec_prefix}/lib'
libexecdir='${exec_prefix}/libexec'
localedir='${datarootdir}/locale'
localstatedir='${prefix}/var'
mandir='${datarootdir}/man'
mkdir_p='$(MKDIR_P)'
oldincludedir='/usr/include'
pdfdir='${docdir}'
prefix='/usr/local'
program_transform_name='s,x,x,'
psdir='${docdir}'
sbindir='${exec_prefix}/sbin'
sharedstatedir='${prefix}/com'
sysconfdir='${prefix}/etc'
target='x86_64-unknown-linux-gnu'
target_alias=''
target_cpu='x86_64'
target_os='linux-gnu'
target_vendor='unknown'

## ----------- ##
## confdefs.h. ##
## ----------- ##

/* confdefs.h */
#define PACKAGE_NAME "sumo"
#define PACKAGE_TARNAME "sumo"
#define PACKAGE_VERSION "0.23.0"
#define PACKAGE_STRING "sumo 0.23.0"
#define PACKAGE_BUGREPORT ""
#define PACKAGE_URL ""
#define PACKAGE "sumo"
#define VERSION "0.23.0"
#define HAVE_SYS_TYPES_H 1
#define HAVE_SYS_STAT_H 1
#define HAVE_STDLIB_H 1
#define HAVE_STRING_H 1
#define HAVE_MEMORY_H 1
#define HAVE_STRINGS_H 1
#define HAVE_INTTYPES_H 1
#define HAVE_STDINT_H 1
#define HAVE_UNISTD_H 1
#define HAVE_DLFCN_H 1
#define LT_OBJDIR ".libs/"
#define HAVE_INTERNAL_LANES 1
#define SUMOReal double
#define SUMOLong long long int
#define HAVE_SUBSECOND_TIMESTEPS 1
#define POSITION_EPS (SUMOReal)0.1
#define NUMERICAL_EPS (SUMOReal)0.001
#define OUTPUT_ACCURACY 2
#define GEO_OUTPUT_ACCURACY 6
#define SUMOLong long long int
#define XERCES3_SIZE_t XMLSize_t
#define VERSION_STRING "0.23.0"
#define HAVE_ALLOCA_H 1
#define HAVE_ALLOCA 1
#define HAVE_FLOAT_H 1
#define HAVE_LIMITS_H 1
#define HAVE_MALLOC_H 1
#define HAVE_MATH_H 1
#define HAVE_STDDEF_H 1
#define HAVE_STDLIB_H 1
#define HAVE_STRING_H 1
#define HAVE_SYS_TIME_H 1
#define HAVE_UNISTD_H 1
#define HAVE_WCHAR_H 1
#define HAVE_STDBOOL_H 1
#define TIME_WITH_SYS_TIME 1
#define HAVE_STDLIB_H 1
#define HAVE_MALLOC 1
#define HAVE_SYS_SELECT_H 1
#define HAVE_SYS_SOCKET_H 1
#define SELECT_TYPE_ARG1 int
#define SELECT_TYPE_ARG234 (fd_set *)
#define SELECT_TYPE_ARG5 (struct timeval *)
#define RETSIGTYPE void
#define LSTAT_FOLLOWS_SLASHED_SYMLINK 1
#define HAVE_FLOOR 1
#define HAVE_GETCWD 1
#define HAVE_GETTIMEOFDAY 1
#define HAVE_MEMSET 1
#define HAVE_POW 1
#define HAVE_SELECT 1
#define HAVE_SOCKET 1
#define HAVE_SQRT 1

configure: exit 0
